{
   "errors" : [
      {
         "key" : 6,
         "parameters" : [ "/header" ],
         "type" : 2
      }
   ],
   "location" : {
      "fs" : 2,
      "path" : "C:/Users/soel9/AppData/Local/Packages/Microsoft.MinecraftUWP_8wekyb3d8bbwe/LocalState/games/com.mojang/minecraftWorlds/v3+mZfNeEgA=/resource_packs/pack"
   },
   "upgraded" : false,
   "warnings" : [
      {
         "key" : 5,
         "parameters" : [
            "* Line 1, Column 1\n  Syntax error: value, object or array expected."
         ],
         "type" : 2
      }
   ]
}
